{"name": "test_02", "status": "failed", "statusDetails": {"message": "AssertionError: assert False", "trace": "self = <src.case.test_08allure测试报告介绍.TestResult object at 0x1120d0190>\n\n    def test_02(self):\n>       assert False\nE       assert False\n\nsrc/case/test_08allure测试报告介绍.py:65: AssertionError"}, "start": 1753252278012, "stop": 1753252278013, "uuid": "2941375a-7507-40db-a456-d62339256dc5", "historyId": "4c5c71afa0b142497e05e48e312aa2e8", "testCaseId": "4c5c71afa0b142497e05e48e312aa2e8", "fullName": "src.case.test_08allure测试报告介绍.TestResult#test_02", "labels": [{"name": "parentSuite", "value": "src.case"}, {"name": "suite", "value": "test_08allure测试报告介绍"}, {"name": "subSuite", "value": "TestResult"}, {"name": "host", "value": "admindeMacBook-Pro.local"}, {"name": "thread", "value": "83895-MainThread"}, {"name": "framework", "value": "pytest"}, {"name": "language", "value": "cpython3"}, {"name": "package", "value": "src.case.test_08allure测试报告介绍"}]}