{"name": "test_02", "status": "failed", "statusDetails": {"message": "AssertionError: assert False", "trace": "self = <src.case.test_08allure测试报告介绍.TestResult object at 0x10c5c8190>\n\n    def test_02(self):\n>       assert False\nE       assert False\n\nsrc/case/test_08allure测试报告介绍.py:65: AssertionError"}, "steps": [{"name": "成功截图", "status": "passed", "attachments": [{"name": "执行结果", "source": "60ab8fc0-7e8d-47f3-9d40-725ed1310385-attachment.png", "type": "image/png"}], "start": 1753252772613, "stop": 1753252772767}], "start": 1753252772573, "stop": 1753252772573, "uuid": "9c444c43-7424-45ea-8db6-f50b94baa088", "historyId": "4c5c71afa0b142497e05e48e312aa2e8", "testCaseId": "4c5c71afa0b142497e05e48e312aa2e8", "fullName": "src.case.test_08allure测试报告介绍.TestResult#test_02", "labels": [{"name": "parentSuite", "value": "src.case"}, {"name": "suite", "value": "test_08allure测试报告介绍"}, {"name": "subSuite", "value": "TestResult"}, {"name": "host", "value": "admindeMacBook-Pro.local"}, {"name": "thread", "value": "84704-MainThread"}, {"name": "framework", "value": "pytest"}, {"name": "language", "value": "cpython3"}, {"name": "package", "value": "src.case.test_08allure测试报告介绍"}]}